\BOOKMARK [1][-]{Doc-Start}{\376\377\000T\000h\000e\000s\000i\000s\000\040\000T\000i\000t\000l\000e}{}% 1
\BOOKMARK [1][-]{Doc-Start}{\376\377\000A\000p\000p\000r\000o\000v\000a\000l\000\040\000a\000n\000d\000\040\000A\000c\000c\000e\000p\000t\000a\000n\000c\000e\000\040\000S\000h\000e\000e\000t}{}% 2
\BOOKMARK [1][-]{Doc-Start}{\376\377\000A\000b\000s\000t\000r\000a\000c\000t}{}% 3
\BOOKMARK [1][-]{section.1}{\376\377\000I\000n\000t\000r\000o\000d\000u\000c\000t\000i\000o\000n}{}% 4
\BOOKMARK [2][-]{subsection.1.1}{\376\377\000B\000a\000c\000k\000g\000r\000o\000u\000n\000d\000\040\000o\000f\000\040\000t\000h\000e\000\040\000S\000t\000u\000d\000y}{section.1}% 5
\BOOKMARK [2][-]{subsection.1.2}{\376\377\000S\000i\000g\000n\000i\000f\000i\000c\000a\000n\000c\000e\000\040\000o\000f\000\040\000t\000h\000e\000\040\000S\000t\000u\000d\000y}{section.1}% 6
\BOOKMARK [2][-]{subsection.1.3}{\376\377\000S\000t\000a\000t\000e\000m\000e\000n\000t\000\040\000o\000f\000\040\000t\000h\000e\000\040\000P\000r\000o\000b\000l\000e\000m}{section.1}% 7
\BOOKMARK [2][-]{subsection.1.4}{\376\377\000O\000b\000j\000e\000c\000t\000i\000v\000e\000s}{section.1}% 8
\BOOKMARK [2][-]{subsection.1.5}{\376\377\000S\000c\000o\000p\000e\000\040\000a\000n\000d\000\040\000D\000e\000l\000i\000m\000i\000t\000a\000t\000i\000o\000n\000s}{section.1}% 9
\BOOKMARK [3][-]{subsubsection.1.5.1}{\376\377\000S\000c\000o\000p\000e\000\040\000o\000f\000\040\000t\000h\000e\000\040\000S\000t\000u\000d\000y}{subsection.1.5}% 10
\BOOKMARK [3][-]{subsubsection.1.5.2}{\376\377\000D\000e\000l\000i\000m\000i\000t\000a\000t\000i\000o\000n\000s\000\040\000o\000f\000\040\000t\000h\000e\000\040\000S\000t\000u\000d\000y}{subsection.1.5}% 11
\BOOKMARK [2][-]{subsection.1.6}{\376\377\000C\000o\000n\000c\000e\000p\000t\000u\000a\000l\000\040\000F\000r\000a\000m\000e\000w\000o\000r\000k}{section.1}% 12
\BOOKMARK [2][-]{subsection.1.7}{\376\377\000D\000e\000f\000i\000n\000i\000t\000i\000o\000n\000\040\000o\000f\000\040\000T\000e\000r\000m\000s}{section.1}% 13
\BOOKMARK [1][-]{section.2}{\376\377\000R\000e\000v\000i\000e\000w\000\040\000o\000f\000\040\000R\000e\000l\000a\000t\000e\000d\000\040\000L\000i\000t\000e\000r\000a\000t\000u\000r\000e}{}% 14
\BOOKMARK [2][-]{subsection.2.1}{\376\377\000L\000o\000c\000a\000l\000\040\000L\000i\000t\000e\000r\000a\000t\000u\000r\000e}{section.2}% 15
\BOOKMARK [2][-]{subsection.2.2}{\376\377\000F\000o\000r\000e\000i\000g\000n\000\040\000L\000i\000t\000e\000r\000a\000t\000u\000r\000e}{section.2}% 16
\BOOKMARK [2][-]{subsection.2.3}{\376\377\000S\000y\000n\000t\000h\000e\000s\000i\000s\000\040\000o\000f\000\040\000R\000e\000l\000a\000t\000e\000d\000\040\000L\000i\000t\000e\000r\000a\000t\000u\000r\000e}{section.2}% 17
\BOOKMARK [2][-]{subsection.2.4}{\376\377\000L\000o\000c\000a\000l\000\040\000S\000t\000u\000d\000i\000e\000s}{section.2}% 18
\BOOKMARK [2][-]{subsection.2.5}{\376\377\000F\000o\000r\000e\000i\000g\000n\000\040\000S\000t\000u\000d\000i\000e\000s}{section.2}% 19
\BOOKMARK [2][-]{subsection.2.6}{\376\377\000S\000y\000n\000t\000h\000e\000s\000i\000s\000\040\000o\000f\000\040\000R\000e\000l\000a\000t\000e\000d\000\040\000S\000t\000u\000d\000i\000e\000s}{section.2}% 20
\BOOKMARK [1][-]{section.3}{\376\377\000M\000e\000t\000h\000o\000d\000o\000l\000o\000g\000y}{}% 21
\BOOKMARK [2][-]{subsection.3.1}{\376\377\000R\000e\000s\000e\000a\000r\000c\000h\000\040\000D\000e\000s\000i\000g\000n}{section.3}% 22
\BOOKMARK [2][-]{subsection.3.2}{\376\377\000S\000y\000s\000t\000e\000m\000\040\000A\000r\000c\000h\000i\000t\000e\000c\000t\000u\000r\000e}{section.3}% 23
\BOOKMARK [3][-]{subsubsection.3.2.1}{\376\377\000U\000s\000e\000\040\000C\000a\000s\000e\000\040\000D\000i\000a\000g\000r\000a\000m}{subsection.3.2}% 24
\BOOKMARK [3][-]{subsubsection.3.2.2}{\376\377\000C\000o\000m\000p\000o\000n\000e\000n\000t\000\040\000D\000i\000a\000g\000r\000a\000m}{subsection.3.2}% 25
\BOOKMARK [3][-]{subsubsection.3.2.3}{\376\377\000D\000e\000p\000l\000o\000y\000m\000e\000n\000t\000\040\000D\000i\000a\000g\000r\000a\000m}{subsection.3.2}% 26
\BOOKMARK [2][-]{subsection.3.3}{\376\377\000H\000a\000r\000d\000w\000a\000r\000e\000\040\000a\000n\000d\000\040\000S\000o\000f\000t\000w\000a\000r\000e\000\040\000S\000p\000e\000c\000i\000f\000i\000c\000a\000t\000i\000o\000n}{section.3}% 27
\BOOKMARK [2][-]{subsection.3.4}{\376\377\000D\000a\000t\000a\000s\000e\000t\000\040\000C\000o\000l\000l\000e\000c\000t\000i\000o\000n\000,\000\040\000P\000r\000e\000p\000a\000r\000a\000t\000i\000o\000n\000,\000\040\000a\000n\000d\000\040\000F\000e\000a\000t\000u\000r\000e\000s}{section.3}% 28
\BOOKMARK [3][-]{subsubsection.3.4.1}{\376\377\000S\000e\000n\000t\000i\000n\000e\000l\000-\0002\000\040\000M\000u\000l\000t\000i\000S\000p\000e\000c\000t\000r\000a\000l\000\040\000I\000n\000s\000t\000r\000u\000m\000e\000n\000t\000\040\000\050\000M\000S\000I\000\051}{subsection.3.4}% 29
\BOOKMARK [3][-]{subsubsection.3.4.2}{\376\377\000V\000i\000s\000i\000b\000l\000e\000\040\000I\000n\000f\000r\000a\000r\000e\000d\000\040\000I\000m\000a\000g\000i\000n\000g\000\040\000R\000a\000d\000i\000o\000m\000e\000t\000e\000r\000\040\000S\000u\000i\000t\000e\000\040\000\050\000V\000I\000I\000R\000S\000\051}{subsection.3.4}% 30
\BOOKMARK [3][-]{subsubsection.3.4.3}{\376\377\000O\000p\000e\000n\000S\000t\000r\000e\000e\000t\000M\000a\000p\000\040\000\050\000O\000S\000M\000\051\000\040\000G\000e\000o\000s\000p\000a\000t\000i\000a\000l\000\040\000F\000e\000a\000t\000u\000r\000e\000s}{subsection.3.4}% 31
\BOOKMARK [3][-]{subsubsection.3.4.4}{\376\377\0002\0000\0002\0002\000\040\000D\000e\000m\000o\000g\000r\000a\000p\000h\000i\000c\000\040\000a\000n\000d\000\040\000H\000e\000a\000l\000t\000h\000\040\000S\000u\000r\000v\000e\000y\000\040\000\050\000D\000H\000S\000\051}{subsection.3.4}% 32
\BOOKMARK [2][-]{subsection.3.5}{\376\377\000M\000e\000t\000h\000o\000d\000s\000\040\000i\000n\000\040\000D\000e\000v\000e\000l\000o\000p\000m\000e\000n\000t}{section.3}% 33
\BOOKMARK [3][-]{subsubsection.3.5.1}{\376\377\000S\000c\000r\000u\000m\000\040\000M\000e\000t\000h\000o\000d\000o\000l\000o\000g\000y}{subsection.3.5}% 34
\BOOKMARK [4][-]{paragraph.3.5.1.1}{\376\377\000S\000c\000r\000u\000m\000\040\000R\000o\000l\000e\000s}{subsubsection.3.5.1}% 35
\BOOKMARK [2][-]{subsection.3.6}{\376\377\000A\000l\000g\000o\000r\000i\000t\000h\000m\000s\000\040\000U\000s\000e\000d}{section.3}% 36
\BOOKMARK [3][-]{subsubsection.3.6.1}{\376\377\000C\000o\000n\000v\000o\000l\000u\000t\000i\000o\000n\000a\000l\000\040\000N\000e\000u\000r\000a\000l\000\040\000N\000e\000t\000w\000o\000r\000k\000\040\000\050\000C\000N\000N\000\051}{subsection.3.6}% 37
\BOOKMARK [3][-]{subsubsection.3.6.2}{\376\377\000L\000o\000n\000g\000\040\000S\000h\000o\000r\000t\000-\000T\000e\000r\000m\000\040\000M\000e\000m\000o\000r\000y\000\040\000\050\000L\000S\000T\000M\000\051}{subsection.3.6}% 38
\BOOKMARK [2][-]{subsection.3.7}{\376\377\000M\000e\000t\000h\000o\000d\000\040\000o\000f\000\040\000E\000v\000a\000l\000u\000a\000t\000i\000n\000g\000\040\000t\000h\000e\000\040\000S\000t\000u\000d\000y}{section.3}% 39
\BOOKMARK [3][-]{subsubsection.3.7.1}{\376\377\000I\000S\000O\000\040\0002\0005\0000\0001\0000\000\040\000S\000o\000f\000t\000w\000a\000r\000e\000\040\000Q\000u\000a\000l\000i\000t\000y\000\040\000E\000v\000a\000l\000u\000a\000t\000i\000o\000n}{subsection.3.7}% 40
\BOOKMARK [3][-]{subsubsection.3.7.2}{\376\377\000U\000s\000e\000r\000\040\000A\000c\000c\000e\000p\000t\000a\000n\000c\000e\000\040\000E\000v\000a\000l\000u\000a\000t\000i\000o\000n}{subsection.3.7}% 41
\BOOKMARK [2][-]{subsection.3.8}{\376\377\000T\000e\000s\000t\000i\000n\000g\000\040\000M\000e\000t\000h\000o\000d}{section.3}% 42
\BOOKMARK [3][-]{subsubsection.3.8.1}{\376\377\000A\000l\000p\000h\000a\000\040\000a\000n\000d\000\040\000B\000e\000t\000a\000\040\000T\000e\000s\000t\000i\000n\000g}{subsection.3.8}% 43
\BOOKMARK [3][-]{subsubsection.3.8.2}{\376\377\000W\000h\000i\000t\000e\000\040\000B\000o\000x\000\040\000T\000e\000s\000t\000i\000n\000g\000\040\000P\000r\000o\000c\000e\000d\000u\000r\000e}{subsection.3.8}% 44
\BOOKMARK [3][-]{subsubsection.3.8.3}{\376\377\000B\000l\000a\000c\000k\000\040\000B\000o\000x\000\040\000T\000e\000s\000t\000i\000n\000g\000\040\000P\000r\000o\000c\000e\000d\000u\000r\000e}{subsection.3.8}% 45
\BOOKMARK [2][-]{subsection.3.9}{\376\377\000S\000t\000a\000t\000i\000s\000t\000i\000c\000a\000l\000\040\000T\000r\000e\000a\000t\000m\000e\000n\000t\000\040\000o\000f\000\040\000D\000a\000t\000a}{section.3}% 46
\BOOKMARK [3][-]{subsubsection.3.9.1}{\376\377\000P\000r\000e\000d\000i\000c\000t\000i\000v\000e\000\040\000M\000o\000d\000e\000l\000\040\000E\000v\000a\000l\000u\000a\000t\000i\000o\000n}{subsection.3.9}% 47
\BOOKMARK [3][-]{subsubsection.3.9.2}{\376\377\000V\000i\000s\000u\000a\000l\000i\000z\000a\000t\000i\000o\000n\000\040\000M\000o\000d\000u\000l\000e\000\040\000U\000s\000e\000r\000\040\000A\000c\000c\000e\000p\000t\000a\000n\000c\000e\000\040\000a\000n\000d\000\040\000E\000v\000a\000l\000u\000a\000t\000i\000o\000n}{subsection.3.9}% 48
\BOOKMARK [2][-]{subsection.3.10}{\376\377\000R\000e\000s\000p\000o\000n\000d\000e\000n\000t\000s\000\040\000o\000f\000\040\000t\000h\000e\000\040\000S\000t\000u\000d\000y\000\040\000a\000n\000d\000\040\000S\000a\000m\000p\000l\000i\000n\000g\000\040\000T\000e\000c\000h\000n\000i\000q\000u\000e}{section.3}% 49
\BOOKMARK [1][-]{table.4}{\376\377\000B\000i\000b\000l\000i\000o\000g\000r\000a\000p\000h\000y}{}% 50
